#
# There is insufficient memory for the Java Runtime Environment to continue.
# Native memory allocation (mmap) failed to map 1073741824 bytes for committing reserved memory.
# Possible reasons:
#   The system is out of physical RAM or swap space
#   The process is running with CompressedOops enabled, and the Java Heap may be blocking the growth of the native heap
# Possible solutions:
#   Reduce memory load on the system
#   Increase physical memory or swap space
#   Check if swap backing store is full
#   Decrease Java heap size (-Xmx/-Xms)
#   Decrease number of Java threads
#   Decrease Java thread stack sizes (-Xss)
#   Set larger code cache with -XX:ReservedCodeCacheSize=
# This output file may be truncated or incomplete.
#
#  Out of Memory Error (os_linux.cpp:2749), pid=19350, tid=0x00007ff0d6575700
#
# JRE version:  (8.0_201-b09) (build )
# Java VM: Java HotSpot(TM) 64-Bit Server VM (25.201-b09 mixed mode linux-amd64 compressed oops)
# Failed to write core dump. Core dumps have been disabled. To enable core dumping, try "ulimit -c unlimited" before starting Java again
#

---------------  T H R E A D  ---------------

Current thread (0x00007ff0d000c000):  JavaThread "Unknown thread" [_thread_in_vm, id=19373, stack(0x00007ff0d6476000,0x00007ff0d6576000)]

Stack: [0x00007ff0d6476000,0x00007ff0d6576000],  sp=0x00007ff0d65743c0,  free space=1016k
Native frames: (J=compiled Java code, j=interpreted, Vv=VM code, C=native code)
V  [libjvm.so+0xad3525]  VMError::report_and_die()+0x2e5
V  [libjvm.so+0x4e0457]  report_vm_out_of_memory(char const*, int, unsigned long, VMErrorType, char const*)+0x67
V  [libjvm.so+0x910446]  os::pd_commit_memory_or_exit(char*, unsigned long, unsigned long, bool, char const*)+0x106
V  [libjvm.so+0x907bed]  os::commit_memory_or_exit(char*, unsigned long, unsigned long, bool, char const*)+0x1d
V  [libjvm.so+0x5af684]  G1PageBasedVirtualSpace::commit_internal(unsigned long, unsigned long)+0x224
V  [libjvm.so+0x5af70e]  G1PageBasedVirtualSpace::commit(unsigned long, unsigned long)+0x7e
V  [libjvm.so+0x5b2205]  G1RegionsLargerThanCommitSizeMapper::commit_regions(unsigned int, unsigned long)+0x35
V  [libjvm.so+0x61d4f6]  HeapRegionManager::commit_regions(unsigned int, unsigned long)+0x76
V  [libjvm.so+0x61e60f]  HeapRegionManager::make_regions_available(unsigned int, unsigned int)+0x3f
V  [libjvm.so+0x61ead8]  HeapRegionManager::expand_by(unsigned int)+0x128
V  [libjvm.so+0x58bc5a]  G1CollectedHeap::expand(unsigned long)+0x12a
V  [libjvm.so+0x595b0c]  G1CollectedHeap::initialize()+0x5ec
V  [libjvm.so+0xa9714a]  Universe::initialize_heap()+0x16a
V  [libjvm.so+0xa97433]  universe_init()+0x33
V  [libjvm.so+0x631fd0]  init_globals()+0x50
V  [libjvm.so+0xa79b69]  Threads::create_vm(JavaVMInitArgs*, bool*)+0x409
V  [libjvm.so+0x6d7b4f]  JNI_CreateJavaVM+0x4f
C  [libjli.so+0x7ee4]  JavaMain+0x84
C  [libpthread.so.0+0x76db]  start_thread+0xdb


---------------  P R O C E S S  ---------------

Java Threads: ( => current thread )

Other Threads:

=>0x00007ff0d000c000 (exited) JavaThread "Unknown thread" [_thread_in_vm, id=19373, stack(0x00007ff0d6476000,0x00007ff0d6576000)]

VM state:not at safepoint (not fully initialized)

VM Mutex/Monitor currently owned by a thread:  ([mutex/lock_event])
[0x00007ff0d0008f00] Heap_lock - owner thread: 0x00007ff0d000c000

heap address: 0x0000000080000000, size: 2048 MB, Compressed Oops mode: Non-zero based:0x000000007ffff000
Narrow klass base: 0x0000000000000000, Narrow klass shift: 0

GC Heap History (0 events):
No events

Deoptimization events (0 events):
No events

Classes redefined (0 events):
No events

Internal exceptions (0 events):
No events

Events (0 events):
No events


Dynamic libraries:
00400000-00401000 r-xp 00000000 08:01 414592                             /opt/jdk1.8.0_201/bin/java
00600000-00601000 r--p 00000000 08:01 414592                             /opt/jdk1.8.0_201/bin/java
00601000-00602000 rw-p 00001000 08:01 414592                             /opt/jdk1.8.0_201/bin/java
01088000-010a9000 rw-p 00000000 00:00 0                                  [heap]
c0000000-100000000 ---p 00000000 00:00 0 
7ff08b966000-7ff08c000000 rw-p 00000000 00:00 0 
7ff08c000000-7ff08c021000 rw-p 00000000 00:00 0 
7ff08c021000-7ff090000000 ---p 00000000 00:00 0 
7ff090000000-7ff090021000 rw-p 00000000 00:00 0 
7ff090021000-7ff094000000 ---p 00000000 00:00 0 
7ff094000000-7ff094021000 rw-p 00000000 00:00 0 
7ff094021000-7ff098000000 ---p 00000000 00:00 0 
7ff098000000-7ff098021000 rw-p 00000000 00:00 0 
7ff098021000-7ff09c000000 ---p 00000000 00:00 0 
7ff09c000000-7ff09e000000 rw-p 00000000 00:00 0 
7ff09e000000-7ff0a0000000 ---p 00000000 00:00 0 
7ff0a0000000-7ff0a0021000 rw-p 00000000 00:00 0 
7ff0a0021000-7ff0a4000000 ---p 00000000 00:00 0 
7ff0a4000000-7ff0a4021000 rw-p 00000000 00:00 0 
7ff0a4021000-7ff0a8000000 ---p 00000000 00:00 0 
7ff0a8000000-7ff0a8021000 rw-p 00000000 00:00 0 
7ff0a8021000-7ff0ac000000 ---p 00000000 00:00 0 
7ff0ac000000-7ff0ac021000 rw-p 00000000 00:00 0 
7ff0ac021000-7ff0b0000000 ---p 00000000 00:00 0 
7ff0b0000000-7ff0b0021000 rw-p 00000000 00:00 0 
7ff0b0021000-7ff0b4000000 ---p 00000000 00:00 0 
7ff0b4000000-7ff0b4021000 rw-p 00000000 00:00 0 
7ff0b4021000-7ff0b8000000 ---p 00000000 00:00 0 
7ff0b8000000-7ff0b8021000 rw-p 00000000 00:00 0 
7ff0b8021000-7ff0bc000000 ---p 00000000 00:00 0 
7ff0bc023000-7ff0bc1a5000 rw-p 00000000 00:00 0 
7ff0bc1a5000-7ff0bc1a6000 ---p 00000000 00:00 0 
7ff0bc1a6000-7ff0bc2a6000 rw-p 00000000 00:00 0 
7ff0bc2a6000-7ff0bc2a7000 ---p 00000000 00:00 0 
7ff0bc2a7000-7ff0bc3a7000 rw-p 00000000 00:00 0 
7ff0bc3a7000-7ff0bf3a7000 ---p 00000000 00:00 0 
7ff0bf3a7000-7ff0bf3a8000 ---p 00000000 00:00 0 
7ff0bf3a8000-7ff0bf4a8000 rw-p 00000000 00:00 0 
7ff0bf4a8000-7ff0bf4a9000 ---p 00000000 00:00 0 
7ff0bf4a9000-7ff0bf5a9000 rw-p 00000000 00:00 0 
7ff0bf5a9000-7ff0bf5aa000 ---p 00000000 00:00 0 
7ff0bf5aa000-7ff0bf6aa000 rw-p 00000000 00:00 0 
7ff0bf6aa000-7ff0bf6ab000 ---p 00000000 00:00 0 
7ff0bf6ab000-7ff0bf7ab000 rw-p 00000000 00:00 0 
7ff0bf7ab000-7ff0bf7ac000 ---p 00000000 00:00 0 
7ff0bf7ac000-7ff0bfcb0000 rw-p 00000000 00:00 0 
7ff0bfcb0000-7ff0bfcb1000 ---p 00000000 00:00 0 
7ff0bfcb1000-7ff0bfdb1000 rw-p 00000000 00:00 0 
7ff0bfdb1000-7ff0bfdb2000 ---p 00000000 00:00 0 
7ff0bfdb2000-7ff0bfeb2000 rw-p 00000000 00:00 0 
7ff0bfeb2000-7ff0bfeb3000 ---p 00000000 00:00 0 
7ff0bfeb3000-7ff0bffbd000 rw-p 00000000 00:00 0 
7ff0bffbd000-7ff0c0373000 ---p 00000000 00:00 0 
7ff0c0373000-7ff0c05e3000 rwxp 00000000 00:00 0 
7ff0c05e3000-7ff0cf373000 ---p 00000000 00:00 0 
7ff0cf373000-7ff0cf38e000 r-xp 00000000 08:01 415081                     /opt/jdk1.8.0_201/jre/lib/amd64/libzip.so
7ff0cf38e000-7ff0cf58d000 ---p 0001b000 08:01 415081                     /opt/jdk1.8.0_201/jre/lib/amd64/libzip.so
7ff0cf58d000-7ff0cf58e000 r--p 0001a000 08:01 415081                     /opt/jdk1.8.0_201/jre/lib/amd64/libzip.so
7ff0cf58e000-7ff0cf58f000 rw-p 0001b000 08:01 415081                     /opt/jdk1.8.0_201/jre/lib/amd64/libzip.so
7ff0cf58f000-7ff0cf59a000 r-xp 00000000 08:01 399282                     /lib/x86_64-linux-gnu/libnss_files-2.27.so
7ff0cf59a000-7ff0cf799000 ---p 0000b000 08:01 399282                     /lib/x86_64-linux-gnu/libnss_files-2.27.so
7ff0cf799000-7ff0cf79a000 r--p 0000a000 08:01 399282                     /lib/x86_64-linux-gnu/libnss_files-2.27.so
7ff0cf79a000-7ff0cf79b000 rw-p 0000b000 08:01 399282                     /lib/x86_64-linux-gnu/libnss_files-2.27.so
7ff0cf79b000-7ff0cf7a1000 rw-p 00000000 00:00 0 
7ff0cf7a1000-7ff0cf7b8000 r-xp 00000000 08:01 399276                     /lib/x86_64-linux-gnu/libnsl-2.27.so
7ff0cf7b8000-7ff0cf9b7000 ---p 00017000 08:01 399276                     /lib/x86_64-linux-gnu/libnsl-2.27.so
7ff0cf9b7000-7ff0cf9b8000 r--p 00016000 08:01 399276                     /lib/x86_64-linux-gnu/libnsl-2.27.so
7ff0cf9b8000-7ff0cf9b9000 rw-p 00017000 08:01 399276                     /lib/x86_64-linux-gnu/libnsl-2.27.so
7ff0cf9b9000-7ff0cf9bb000 rw-p 00000000 00:00 0 
7ff0cf9bb000-7ff0cf9c6000 r-xp 00000000 08:01 399293                     /lib/x86_64-linux-gnu/libnss_nis-2.27.so
7ff0cf9c6000-7ff0cfbc5000 ---p 0000b000 08:01 399293                     /lib/x86_64-linux-gnu/libnss_nis-2.27.so
7ff0cfbc5000-7ff0cfbc6000 r--p 0000a000 08:01 399293                     /lib/x86_64-linux-gnu/libnss_nis-2.27.so
7ff0cfbc6000-7ff0cfbc7000 rw-p 0000b000 08:01 399293                     /lib/x86_64-linux-gnu/libnss_nis-2.27.so
7ff0cfbc7000-7ff0cfbcf000 r-xp 00000000 08:01 399278                     /lib/x86_64-linux-gnu/libnss_compat-2.27.so
7ff0cfbcf000-7ff0cfdcf000 ---p 00008000 08:01 399278                     /lib/x86_64-linux-gnu/libnss_compat-2.27.so
7ff0cfdcf000-7ff0cfdd0000 r--p 00008000 08:01 399278                     /lib/x86_64-linux-gnu/libnss_compat-2.27.so
7ff0cfdd0000-7ff0cfdd1000 rw-p 00009000 08:01 399278                     /lib/x86_64-linux-gnu/libnss_compat-2.27.so
7ff0cfdd1000-7ff0cfdfd000 r-xp 00000000 08:01 415075                     /opt/jdk1.8.0_201/jre/lib/amd64/libjava.so
7ff0cfdfd000-7ff0cfffd000 ---p 0002c000 08:01 415075                     /opt/jdk1.8.0_201/jre/lib/amd64/libjava.so
7ff0cfffd000-7ff0cfffe000 r--p 0002c000 08:01 415075                     /opt/jdk1.8.0_201/jre/lib/amd64/libjava.so
7ff0cfffe000-7ff0d0000000 rw-p 0002d000 08:01 415075                     /opt/jdk1.8.0_201/jre/lib/amd64/libjava.so
7ff0d0000000-7ff0d008c000 rw-p 00000000 00:00 0 
7ff0d008c000-7ff0d4000000 ---p 00000000 00:00 0 
7ff0d401c000-7ff0d409d000 rw-p 00000000 00:00 0 
7ff0d409d000-7ff0d409e000 ---p 00000000 00:00 0 
7ff0d409e000-7ff0d419e000 rw-p 00000000 00:00 0 
7ff0d419e000-7ff0d41ab000 r-xp 00000000 08:01 415080                     /opt/jdk1.8.0_201/jre/lib/amd64/libverify.so
7ff0d41ab000-7ff0d43aa000 ---p 0000d000 08:01 415080                     /opt/jdk1.8.0_201/jre/lib/amd64/libverify.so
7ff0d43aa000-7ff0d43ac000 r--p 0000c000 08:01 415080                     /opt/jdk1.8.0_201/jre/lib/amd64/libverify.so
7ff0d43ac000-7ff0d43ad000 rw-p 0000e000 08:01 415080                     /opt/jdk1.8.0_201/jre/lib/amd64/libverify.so
7ff0d43ad000-7ff0d43b4000 r-xp 00000000 08:01 399333                     /lib/x86_64-linux-gnu/librt-2.27.so
7ff0d43b4000-7ff0d45b3000 ---p 00007000 08:01 399333                     /lib/x86_64-linux-gnu/librt-2.27.so
7ff0d45b3000-7ff0d45b4000 r--p 00006000 08:01 399333                     /lib/x86_64-linux-gnu/librt-2.27.so
7ff0d45b4000-7ff0d45b5000 rw-p 00007000 08:01 399333                     /lib/x86_64-linux-gnu/librt-2.27.so
7ff0d45b5000-7ff0d4752000 r-xp 00000000 08:01 399255                     /lib/x86_64-linux-gnu/libm-2.27.so
7ff0d4752000-7ff0d4951000 ---p 0019d000 08:01 399255                     /lib/x86_64-linux-gnu/libm-2.27.so
7ff0d4951000-7ff0d4952000 r--p 0019c000 08:01 399255                     /lib/x86_64-linux-gnu/libm-2.27.so
7ff0d4952000-7ff0d4953000 rw-p 0019d000 08:01 399255                     /lib/x86_64-linux-gnu/libm-2.27.so
7ff0d4953000-7ff0d563b000 r-xp 00000000 08:01 415057                     /opt/jdk1.8.0_201/jre/lib/amd64/server/libjvm.so
7ff0d563b000-7ff0d583a000 ---p 00ce8000 08:01 415057                     /opt/jdk1.8.0_201/jre/lib/amd64/server/libjvm.so
7ff0d583a000-7ff0d58d0000 r--p 00ce7000 08:01 415057                     /opt/jdk1.8.0_201/jre/lib/amd64/server/libjvm.so
7ff0d58d0000-7ff0d5901000 rw-p 00d7d000 08:01 415057                     /opt/jdk1.8.0_201/jre/lib/amd64/server/libjvm.so
7ff0d5901000-7ff0d593c000 rw-p 00000000 00:00 0 
7ff0d593c000-7ff0d5b23000 r-xp 00000000 08:01 399192                     /lib/x86_64-linux-gnu/libc-2.27.so
7ff0d5b23000-7ff0d5d23000 ---p 001e7000 08:01 399192                     /lib/x86_64-linux-gnu/libc-2.27.so
7ff0d5d23000-7ff0d5d27000 r--p 001e7000 08:01 399192                     /lib/x86_64-linux-gnu/libc-2.27.so
7ff0d5d27000-7ff0d5d29000 rw-p 001eb000 08:01 399192                     /lib/x86_64-linux-gnu/libc-2.27.so
7ff0d5d29000-7ff0d5d2d000 rw-p 00000000 00:00 0 
7ff0d5d2d000-7ff0d5d30000 r-xp 00000000 08:01 399215                     /lib/x86_64-linux-gnu/libdl-2.27.so
7ff0d5d30000-7ff0d5f2f000 ---p 00003000 08:01 399215                     /lib/x86_64-linux-gnu/libdl-2.27.so
7ff0d5f2f000-7ff0d5f30000 r--p 00002000 08:01 399215                     /lib/x86_64-linux-gnu/libdl-2.27.so
7ff0d5f30000-7ff0d5f31000 rw-p 00003000 08:01 399215                     /lib/x86_64-linux-gnu/libdl-2.27.so
7ff0d5f31000-7ff0d5f48000 r-xp 00000000 08:01 414920                     /opt/jdk1.8.0_201/lib/amd64/jli/libjli.so
7ff0d5f48000-7ff0d6147000 ---p 00017000 08:01 414920                     /opt/jdk1.8.0_201/lib/amd64/jli/libjli.so
7ff0d6147000-7ff0d6148000 r--p 00016000 08:01 414920                     /opt/jdk1.8.0_201/lib/amd64/jli/libjli.so
7ff0d6148000-7ff0d6149000 rw-p 00017000 08:01 414920                     /opt/jdk1.8.0_201/lib/amd64/jli/libjli.so
7ff0d6149000-7ff0d6163000 r-xp 00000000 08:01 399325                     /lib/x86_64-linux-gnu/libpthread-2.27.so
7ff0d6163000-7ff0d6362000 ---p 0001a000 08:01 399325                     /lib/x86_64-linux-gnu/libpthread-2.27.so
7ff0d6362000-7ff0d6363000 r--p 00019000 08:01 399325                     /lib/x86_64-linux-gnu/libpthread-2.27.so
7ff0d6363000-7ff0d6364000 rw-p 0001a000 08:01 399325                     /lib/x86_64-linux-gnu/libpthread-2.27.so
7ff0d6364000-7ff0d6368000 rw-p 00000000 00:00 0 
7ff0d6368000-7ff0d638f000 r-xp 00000000 08:01 399164                     /lib/x86_64-linux-gnu/ld-2.27.so
7ff0d63f4000-7ff0d6475000 rw-p 00000000 00:00 0 
7ff0d6475000-7ff0d6476000 ---p 00000000 00:00 0 
7ff0d6476000-7ff0d6479000 ---p 00000000 00:00 0 
7ff0d6479000-7ff0d657a000 rw-p 00000000 00:00 0 
7ff0d6585000-7ff0d658d000 rw-s 00000000 08:01 132360                     /tmp/hsperfdata_racarvalho/19350
7ff0d658d000-7ff0d658e000 rw-p 00000000 00:00 0 
7ff0d658e000-7ff0d658f000 r--p 00000000 00:00 0 
7ff0d658f000-7ff0d6590000 r--p 00027000 08:01 399164                     /lib/x86_64-linux-gnu/ld-2.27.so
7ff0d6590000-7ff0d6591000 rw-p 00028000 08:01 399164                     /lib/x86_64-linux-gnu/ld-2.27.so
7ff0d6591000-7ff0d6592000 rw-p 00000000 00:00 0 
7ffe3899c000-7ffe389be000 rw-p 00000000 00:00 0                          [stack]
7ffe389d3000-7ffe389d6000 r--p 00000000 00:00 0                          [vvar]
7ffe389d6000-7ffe389d8000 r-xp 00000000 00:00 0                          [vdso]
ffffffffff600000-ffffffffff601000 r-xp 00000000 00:00 0                  [vsyscall]

VM Arguments:
jvm_args: -Xms1g -Xmx2g -XX:MetaspaceSize=256m -Djava.awt.headless=true -XX:+UseG1GC -XX:+UseStringDeduplication -Dorg.apache.jasper.compiler.Parser.STRICT_QUOTE_ESCAPING=false -Dmaven.compiler.useIncrementalCompilation=false -Dclassworlds.conf=/usr/share/maven/bin/m2.conf -Dmaven.home=/usr/share/maven -Dlibrary.jansi.path=/usr/share/maven/lib/jansi-native -Dmaven.multiModuleProjectDirectory=/home/racarvalho/Tese-RUL/online-payments-gateway 
java_command: org.codehaus.plexus.classworlds.launcher.Launcher clean install
java_class_path (initial): /usr/share/maven/boot/plexus-classworlds-2.x.jar
Launcher Type: SUN_STANDARD

Environment Variables:
JAVA_HOME=/opt/jdk1.8.0_201
PATH=/usr/local/sbin:/usr/local/bin:/usr/sbin:/usr/bin:/sbin:/bin:/usr/games:/usr/local/games:/snap/bin:/usr/share/maven/bin:/usr/share/maven/bin:/usr/share/ant/bin
USERNAME=racarvalho
SHELL=/bin/bash
DISPLAY=:0

Signal Handlers:
SIGSEGV: [libjvm.so+0xad3e60], sa_mask[0]=11111111011111111101111111111110, sa_flags=SA_RESTART|SA_SIGINFO
SIGBUS: [libjvm.so+0xad3e60], sa_mask[0]=11111111011111111101111111111110, sa_flags=SA_RESTART|SA_SIGINFO
SIGFPE: [libjvm.so+0x90b880], sa_mask[0]=11111111011111111101111111111110, sa_flags=SA_RESTART|SA_SIGINFO
SIGPIPE: [libjvm.so+0x90b880], sa_mask[0]=11111111011111111101111111111110, sa_flags=SA_RESTART|SA_SIGINFO
SIGXFSZ: [libjvm.so+0x90b880], sa_mask[0]=11111111011111111101111111111110, sa_flags=SA_RESTART|SA_SIGINFO
SIGILL: [libjvm.so+0x90b880], sa_mask[0]=11111111011111111101111111111110, sa_flags=SA_RESTART|SA_SIGINFO
SIGUSR1: SIG_DFL, sa_mask[0]=00000000000000000000000000000000, sa_flags=none
SIGUSR2: [libjvm.so+0x90b750], sa_mask[0]=00000000000000000000000000000000, sa_flags=SA_RESTART|SA_SIGINFO
SIGHUP: SIG_DFL, sa_mask[0]=00000000000000000000000000000000, sa_flags=none
SIGINT: SIG_DFL, sa_mask[0]=00000000000000000000000000000000, sa_flags=none
SIGTERM: SIG_DFL, sa_mask[0]=00000000000000000000000000000000, sa_flags=none
SIGQUIT: SIG_DFL, sa_mask[0]=00000000000000000000000000000000, sa_flags=none


---------------  S Y S T E M  ---------------

OS:DISTRIB_ID=Ubuntu
DISTRIB_RELEASE=18.04
DISTRIB_CODENAME=bionic
DISTRIB_DESCRIPTION="Ubuntu 18.04.2 LTS"

uname:Linux 4.15.0-47-generic #50-Ubuntu SMP Wed Mar 13 10:44:52 UTC 2019 x86_64
libc:glibc 2.27 NPTL 2.27 
rlimit: STACK 8192k, CORE 0k, NPROC 31736, NOFILE 4096, AS infinity
load average:1.71 0.56 0.39

/proc/meminfo:
MemTotal:        8167936 kB
MemFree:          197440 kB
MemAvailable:     607628 kB
Buffers:           49592 kB
Cached:          5401536 kB
SwapCached:        16356 kB
Active:          6437020 kB
Inactive:        1250576 kB
Active(anon):    6097936 kB
Inactive(anon):   988220 kB
Active(file):     339084 kB
Inactive(file):   262356 kB
Unevictable:          80 kB
Mlocked:              80 kB
SwapTotal:        969960 kB
SwapFree:         181748 kB
Dirty:               796 kB
Writeback:             0 kB
AnonPages:       2216060 kB
Mapped:          5144736 kB
Shmem:           4849844 kB
Slab:             113864 kB
SReclaimable:      56192 kB
SUnreclaim:        57672 kB
KernelStack:       14228 kB
PageTables:        73680 kB
NFS_Unstable:          0 kB
Bounce:                0 kB
WritebackTmp:          0 kB
CommitLimit:     5053928 kB
Committed_AS:   15623228 kB
VmallocTotal:   34359738367 kB
VmallocUsed:           0 kB
VmallocChunk:          0 kB
HardwareCorrupted:     0 kB
AnonHugePages:         0 kB
ShmemHugePages:        0 kB
ShmemPmdMapped:        0 kB
CmaTotal:              0 kB
CmaFree:               0 kB
HugePages_Total:       0
HugePages_Free:        0
HugePages_Rsvd:        0
HugePages_Surp:        0
Hugepagesize:       2048 kB
DirectMap4k:      257984 kB
DirectMap2M:     8130560 kB

container (cgroup) information:
container_type: cgroupv1
cpu_cpuset_cpus: 0-3
cpu_memory_nodes: 0
active_processor_count: 4
cpu_quota: -1
cpu_period: 100000
cpu_shares: -1
memory_limit_in_bytes: -1
memory_and_swap_limit_in_bytes: -2
memory_soft_limit_in_bytes: -1
memory_usage_in_bytes: 7866466304
memory_max_usage_in_bytes: 24334336


CPU:total 4 (initial active 4) (4 cores per cpu, 1 threads per core) family 6 model 158 stepping 10, cmov, cx8, fxsr, mmx, sse, sse2, sse3, ssse3, sse4.1, sse4.2, popcnt, avx, avx2, aes, clmul, 3dnowpref, lzcnt, tsc, tscinvbit

/proc/cpuinfo:
processor	: 0
vendor_id	: GenuineIntel
cpu family	: 6
model		: 158
model name	: Intel(R) Core(TM) i7-8750H CPU @ 2.20GHz
stepping	: 10
cpu MHz		: 2208.000
cache size	: 9216 KB
physical id	: 0
siblings	: 4
core id		: 0
cpu cores	: 4
apicid		: 0
initial apicid	: 0
fpu		: yes
fpu_exception	: yes
cpuid level	: 22
wp		: yes
flags		: fpu vme de pse tsc msr pae mce cx8 apic sep mtrr pge mca cmov pat pse36 clflush mmx fxsr sse sse2 ht syscall nx rdtscp lm constant_tsc rep_good nopl xtopology nonstop_tsc cpuid pni pclmulqdq ssse3 cx16 pcid sse4_1 sse4_2 x2apic movbe popcnt aes xsave avx rdrand hypervisor lahf_lm abm 3dnowprefetch invpcid_single pti fsgsbase avx2 invpcid rdseed clflushopt flush_l1d
bugs		: cpu_meltdown spectre_v1 spectre_v2 spec_store_bypass l1tf
bogomips	: 4416.00
clflush size	: 64
cache_alignment	: 64
address sizes	: 39 bits physical, 48 bits virtual
power management:

processor	: 1
vendor_id	: GenuineIntel
cpu family	: 6
model		: 158
model name	: Intel(R) Core(TM) i7-8750H CPU @ 2.20GHz
stepping	: 10
cpu MHz		: 2208.000
cache size	: 9216 KB
physical id	: 0
siblings	: 4
core id		: 1
cpu cores	: 4
apicid		: 1
initial apicid	: 1
fpu		: yes
fpu_exception	: yes
cpuid level	: 22
wp		: yes
flags		: fpu vme de pse tsc msr pae mce cx8 apic sep mtrr pge mca cmov pat pse36 clflush mmx fxsr sse sse2 ht syscall nx rdtscp lm constant_tsc rep_good nopl xtopology nonstop_tsc cpuid pni pclmulqdq ssse3 cx16 pcid sse4_1 sse4_2 x2apic movbe popcnt aes xsave avx rdrand hypervisor lahf_lm abm 3dnowprefetch invpcid_single pti fsgsbase avx2 invpcid rdseed clflushopt flush_l1d
bugs		: cpu_meltdown spectre_v1 spectre_v2 spec_store_bypass l1tf
bogomips	: 4416.00
clflush size	: 64
cache_alignment	: 64
address sizes	: 39 bits physical, 48 bits virtual
power management:

processor	: 2
vendor_id	: GenuineIntel
cpu family	: 6
model		: 158
model name	: Intel(R) Core(TM) i7-8750H CPU @ 2.20GHz
stepping	: 10
cpu MHz		: 2208.000
cache size	: 9216 KB
physical id	: 0
siblings	: 4
core id		: 2
cpu cores	: 4
apicid		: 2
initial apicid	: 2
fpu		: yes
fpu_exception	: yes
cpuid level	: 22
wp		: yes
flags		: fpu vme de pse tsc msr pae mce cx8 apic sep mtrr pge mca cmov pat pse36 clflush mmx fxsr sse sse2 ht syscall nx rdtscp lm constant_tsc rep_good nopl xtopology nonstop_tsc cpuid pni pclmulqdq ssse3 cx16 pcid sse4_1 sse4_2 x2apic movbe popcnt aes xsave avx rdrand hypervisor lahf_lm abm 3dnowprefetch invpcid_single pti fsgsbase avx2 invpcid rdseed clflushopt flush_l1d
bugs		: cpu_meltdown spectre_v1 spectre_v2 spec_store_bypass l1tf
bogomips	: 4416.00
clflush size	: 64
cache_alignment	: 64
address sizes	: 39 bits physical, 48 bits virtual
power management:

processor	: 3
vendor_id	: GenuineIntel
cpu family	: 6
model		: 158
model name	: Intel(R) Core(TM) i7-8750H CPU @ 2.20GHz
stepping	: 10
cpu MHz		: 2208.000
cache size	: 9216 KB
physical id	: 0
siblings	: 4
core id		: 3
cpu cores	: 4
apicid		: 3
initial apicid	: 3
fpu		: yes
fpu_exception	: yes
cpuid level	: 22
wp		: yes
flags		: fpu vme de pse tsc msr pae mce cx8 apic sep mtrr pge mca cmov pat pse36 clflush mmx fxsr sse sse2 ht syscall nx rdtscp lm constant_tsc rep_good nopl xtopology nonstop_tsc cpuid pni pclmulqdq ssse3 cx16 pcid sse4_1 sse4_2 x2apic movbe popcnt aes xsave avx rdrand hypervisor lahf_lm abm 3dnowprefetch invpcid_single pti fsgsbase avx2 invpcid rdseed clflushopt flush_l1d
bugs		: cpu_meltdown spectre_v1 spectre_v2 spec_store_bypass l1tf
bogomips	: 4416.00
clflush size	: 64
cache_alignment	: 64
address sizes	: 39 bits physical, 48 bits virtual
power management:



Memory: 4k page, physical 8167936k(201584k free), swap 969960k(181748k free)

vm_info: Java HotSpot(TM) 64-Bit Server VM (25.201-b09) for linux-amd64 JRE (1.8.0_201-b09), built on Dec 15 2018 11:35:59 by "java_re" with gcc 7.3.0

time: Fri May  3 11:58:42 2019
timezone: WEST
elapsed time: 0 seconds (0d 0h 0m 0s)

